<?xml version="1.0" encoding="UTF-8"?>
<!-- Generated by org.testng.reporters.JUnitXMLReporter -->
<testsuite hostname="DESKTOP-FFVUEMJ" ignored="0" name="Login Test" tests="1" failures="1" timestamp="2023-02-03T17:42:24 IST" time="33.356" errors="0">
  <testcase name="loginTest" time="2.528" classname="com.w2a.testcases.LoginTest">
    <failure type="java.lang.AssertionError" message="Failing Login Test">
      <![CDATA[java.lang.AssertionError: Failing Login Test
at com.w2a.testcases.LoginTest.loginTest(LoginTest.java:24)
at java.util.ArrayList.forEach(ArrayList.java:1257)
... Removed 32 stack frames]]>
    </failure>
  </testcase> <!-- loginTest -->
</testsuite> <!-- Login Test -->
