<?xml version="1.0" encoding="UTF-8"?>
<testng-results skipped="0" failed="0" ignored="0" total="1" passed="1">
  <reporter-output>
  </reporter-output>
  <suite name="Live Proj 3 - PageObjectModel Basics" duration-ms="9822" started-at="2023-02-03T09:32:48 IST" finished-at="2023-02-03T09:32:57 IST">
    <groups>
    </groups>
    <test name="Login Test" duration-ms="9822" started-at="2023-02-03T09:32:48 IST" finished-at="2023-02-03T09:32:57 IST">
      <class name="com.w2a.testcases.LoginTest">
        <test-method status="PASS" signature="loginTest()[pri:0, instance:com.w2a.testcases.LoginTest@36fc695d]" name="loginTest" duration-ms="9785" started-at="2023-02-03T09:32:48 IST" finished-at="2023-02-03T09:32:57 IST">
          <reporter-output>
          </reporter-output>
        </test-method> <!-- loginTest -->
      </class> <!-- com.w2a.testcases.LoginTest -->
    </test> <!-- Login Test -->
  </suite> <!-- Live Proj 3 - PageObjectModel Basics -->
</testng-results>
